
*** Running vivado
    with args -log sum4bdec_mej.vds -m64 -product Vivado -mode batch -messageDb vivado.pb -notrace -source sum4bdec_mej.tcl


ECHO est  desactivado.
ECHO est  desactivado.

****** Vivado v2023.1 (64-bit)
  **** SW Build 3865809 on Sun May  7 15:05:29 MDT 2023
  **** IP Build 3864474 on Sun May  7 20:36:21 MDT 2023
  **** SharedData Build 3865790 on Sun May 07 13:33:03 MDT 2023
    ** Copyright 1986-2022 Xilinx, Inc. All Rights Reserved.
    ** Copyright 2022-2023 Advanced Micro Devices, Inc. All Rights Reserved.

source sum4bdec_mej.tcl -notrace
create_project: Time (s): cpu = 00:00:07 ; elapsed = 00:00:07 . Memory (MB): peak = 448.223 ; gain = 163.855
Command: read_checkpoint -auto_incremental -incremental D:/vivado/sum4b_dec_mejorado/sum4b_dec_mejorado.srcs/utils_1/imports/synth_1/sum4bdec_mej.dcp
INFO: [Vivado 12-5825] Read reference checkpoint from D:/vivado/sum4b_dec_mejorado/sum4b_dec_mejorado.srcs/utils_1/imports/synth_1/sum4bdec_mej.dcp for incremental synthesis
INFO: [Vivado 12-7989] Please ensure there are no constraint changes
Command: synth_design -top sum4bdec_mej -part xc7a35tcpg236-1
Starting synth_design
Attempting to get a license for feature 'Synthesis' and/or device 'xc7a35t'
INFO: [Common 17-349] Got license for feature 'Synthesis' and/or device 'xc7a35t'
INFO: [Device 21-403] Loading part xc7a35tcpg236-1
INFO: [Designutils 20-5440] No compile time benefit to using incremental synthesis; A full resynthesis will be run
INFO: [Designutils 20-4379] Flow is switching to default flow due to incremental criteria not met. If you would like to alter this behaviour and have the flow terminate instead, please set the following parameter config_implementation {autoIncr.Synth.RejectBehavior Terminate}
INFO: [Synth 8-7079] Multithreading enabled for synth_design using a maximum of 2 processes.
INFO: [Synth 8-7078] Launching helper process for spawning children vivado processes
INFO: [Synth 8-7075] Helper process launched with PID 10028
---------------------------------------------------------------------------------
Starting RTL Elaboration : Time (s): cpu = 00:00:06 ; elapsed = 00:00:06 . Memory (MB): peak = 1265.867 ; gain = 410.957
---------------------------------------------------------------------------------
INFO: [Synth 8-638] synthesizing module 'sum4bdec_mej' [D:/vivado/sum4b_dec_mejorado/sum4b_dec_mejorado.srcs/sources_1/new/Sum4b_dec_mej.vhd:44]
WARNING: [Synth 8-614] signal 'CCS' is read in the process but is not in the sensitivity list [D:/vivado/sum4b_dec_mejorado/sum4b_dec_mejorado.srcs/sources_1/new/Sum4b_dec_mej.vhd:115]
WARNING: [Synth 8-614] signal 'B' is read in the process but is not in the sensitivity list [D:/vivado/sum4b_dec_mejorado/sum4b_dec_mejorado.srcs/sources_1/new/Sum4b_dec_mej.vhd:115]
INFO: [Synth 8-256] done synthesizing module 'sum4bdec_mej' (0#1) [D:/vivado/sum4b_dec_mejorado/sum4b_dec_mejorado.srcs/sources_1/new/Sum4b_dec_mej.vhd:44]
---------------------------------------------------------------------------------
Finished RTL Elaboration : Time (s): cpu = 00:00:08 ; elapsed = 00:00:16 . Memory (MB): peak = 1357.141 ; gain = 502.230
---------------------------------------------------------------------------------
---------------------------------------------------------------------------------
Start Handling Custom Attributes
---------------------------------------------------------------------------------
---------------------------------------------------------------------------------
Finished Handling Custom Attributes : Time (s): cpu = 00:00:08 ; elapsed = 00:00:16 . Memory (MB): peak = 1357.141 ; gain = 502.230
---------------------------------------------------------------------------------
---------------------------------------------------------------------------------
Finished RTL Optimization Phase 1 : Time (s): cpu = 00:00:08 ; elapsed = 00:00:16 . Memory (MB): peak = 1357.141 ; gain = 502.230
---------------------------------------------------------------------------------
Netlist sorting complete. Time (s): cpu = 00:00:00 ; elapsed = 00:00:00.003 . Memory (MB): peak = 1357.141 ; gain = 0.000
INFO: [Project 1-570] Preparing netlist for logic optimization

Processing XDC Constraints
Initializing timing engine
Parsing XDC File [D:/vivado/sum4b_dec_mejorado/Basys-3-Master.xdc]
Finished Parsing XDC File [D:/vivado/sum4b_dec_mejorado/Basys-3-Master.xdc]
INFO: [Project 1-236] Implementation specific constraints were found while reading constraint file [D:/vivado/sum4b_dec_mejorado/Basys-3-Master.xdc]. These constraints will be ignored for synthesis but will be used in implementation. Impacted constraints are listed in the file [.Xil/sum4bdec_mej_propImpl.xdc].
Resolution: To avoid this warning, move constraints listed in [.Xil/sum4bdec_mej_propImpl.xdc] to another XDC file and exclude this new file from synthesis with the used_in_synthesis property (File Properties dialog in GUI) and re-run elaboration/synthesis.
Completed Processing XDC Constraints

Netlist sorting complete. Time (s): cpu = 00:00:00 ; elapsed = 00:00:00 . Memory (MB): peak = 1443.320 ; gain = 0.000
INFO: [Project 1-111] Unisim Transformation Summary:
No Unisim elements were transformed.

Constraint Validation Runtime : Time (s): cpu = 00:00:00 ; elapsed = 00:00:00.007 . Memory (MB): peak = 1443.320 ; gain = 0.000
INFO: [Designutils 20-5440] No compile time benefit to using incremental synthesis; A full resynthesis will be run
INFO: [Designutils 20-4379] Flow is switching to default flow due to incremental criteria not met. If you would like to alter this behaviour and have the flow terminate instead, please set the following parameter config_implementation {autoIncr.Synth.RejectBehavior Terminate}
---------------------------------------------------------------------------------
Finished Constraint Validation : Time (s): cpu = 00:00:15 ; elapsed = 00:00:31 . Memory (MB): peak = 1443.320 ; gain = 588.410
---------------------------------------------------------------------------------
---------------------------------------------------------------------------------
Start Loading Part and Timing Information
---------------------------------------------------------------------------------
Loading part: xc7a35tcpg236-1
---------------------------------------------------------------------------------
Finished Loading Part and Timing Information : Time (s): cpu = 00:00:15 ; elapsed = 00:00:31 . Memory (MB): peak = 1443.320 ; gain = 588.410
---------------------------------------------------------------------------------
---------------------------------------------------------------------------------
Start Applying 'set_property' XDC Constraints
---------------------------------------------------------------------------------
---------------------------------------------------------------------------------
Finished applying 'set_property' XDC Constraints : Time (s): cpu = 00:00:15 ; elapsed = 00:00:31 . Memory (MB): peak = 1443.320 ; gain = 588.410
---------------------------------------------------------------------------------
WARNING: [Synth 8-327] inferring latch for variable 'US_reg' [D:/vivado/sum4b_dec_mejorado/sum4b_dec_mejorado.srcs/sources_1/new/Sum4b_dec_mej.vhd:120]
WARNING: [Synth 8-327] inferring latch for variable 'DS_reg' [D:/vivado/sum4b_dec_mejorado/sum4b_dec_mejorado.srcs/sources_1/new/Sum4b_dec_mej.vhd:118]
WARNING: [Synth 8-327] inferring latch for variable 'U1_reg' [D:/vivado/sum4b_dec_mejorado/sum4b_dec_mejorado.srcs/sources_1/new/Sum4b_dec_mej.vhd:64]
WARNING: [Synth 8-327] inferring latch for variable 'D1_reg' [D:/vivado/sum4b_dec_mejorado/sum4b_dec_mejorado.srcs/sources_1/new/Sum4b_dec_mej.vhd:62]
WARNING: [Synth 8-327] inferring latch for variable 'U2_reg' [D:/vivado/sum4b_dec_mejorado/sum4b_dec_mejorado.srcs/sources_1/new/Sum4b_dec_mej.vhd:86]
WARNING: [Synth 8-327] inferring latch for variable 'D2_reg' [D:/vivado/sum4b_dec_mejorado/sum4b_dec_mejorado.srcs/sources_1/new/Sum4b_dec_mej.vhd:84]
WARNING: [Synth 8-327] inferring latch for variable 'CCS_reg' [D:/vivado/sum4b_dec_mejorado/sum4b_dec_mejorado.srcs/sources_1/new/Sum4b_dec_mej.vhd:130]
WARNING: [Synth 8-327] inferring latch for variable 'CC1_reg' [D:/vivado/sum4b_dec_mejorado/sum4b_dec_mejorado.srcs/sources_1/new/Sum4b_dec_mej.vhd:74]
WARNING: [Synth 8-327] inferring latch for variable 'CC2_reg' [D:/vivado/sum4b_dec_mejorado/sum4b_dec_mejorado.srcs/sources_1/new/Sum4b_dec_mej.vhd:96]
---------------------------------------------------------------------------------
Finished RTL Optimization Phase 2 : Time (s): cpu = 00:00:16 ; elapsed = 00:00:41 . Memory (MB): peak = 1443.320 ; gain = 588.410
---------------------------------------------------------------------------------
---------------------------------------------------------------------------------
Start RTL Component Statistics 
---------------------------------------------------------------------------------
Detailed RTL Component Info : 
+---Adders : 
	   2 Input    2 Bit       Adders := 1     
+---XORs : 
	   2 Input      1 Bit         XORs := 20    
	   3 Input      1 Bit         XORs := 1     
+---Registers : 
	                2 Bit    Registers := 1     
+---Muxes : 
	   4 Input    4 Bit        Muxes := 2     
	   2 Input    4 Bit        Muxes := 6     
	   8 Input    4 Bit        Muxes := 1     
	   2 Input    3 Bit        Muxes := 5     
	   4 Input    2 Bit        Muxes := 1     
	   2 Input    2 Bit        Muxes := 2     
	   2 Input    1 Bit        Muxes := 5     
---------------------------------------------------------------------------------
Finished RTL Component Statistics 
---------------------------------------------------------------------------------
---------------------------------------------------------------------------------
Start Part Resource Summary
---------------------------------------------------------------------------------
Part Resources:
DSPs: 90 (col length:60)
BRAMs: 100 (col length: RAMB18 60 RAMB36 30)
---------------------------------------------------------------------------------
Finished Part Resource Summary
---------------------------------------------------------------------------------
---------------------------------------------------------------------------------
Start Cross Boundary and Area Optimization
---------------------------------------------------------------------------------
WARNING: [Synth 8-7080] Parallel synthesis criteria is not met
WARNING: [Synth 8-3332] Sequential element (DS_reg[3]) is unused and will be removed from module sum4bdec_mej.
WARNING: [Synth 8-3332] Sequential element (D1_reg[3]) is unused and will be removed from module sum4bdec_mej.
WARNING: [Synth 8-3332] Sequential element (D2_reg[3]) is unused and will be removed from module sum4bdec_mej.
---------------------------------------------------------------------------------
Finished Cross Boundary and Area Optimization : Time (s): cpu = 00:00:18 ; elapsed = 00:01:02 . Memory (MB): peak = 1443.320 ; gain = 588.410
---------------------------------------------------------------------------------
---------------------------------------------------------------------------------
Start Applying XDC Timing Constraints
---------------------------------------------------------------------------------
---------------------------------------------------------------------------------
Finished Applying XDC Timing Constraints : Time (s): cpu = 00:00:24 ; elapsed = 00:01:08 . Memory (MB): peak = 1443.320 ; gain = 588.410
---------------------------------------------------------------------------------
---------------------------------------------------------------------------------
Start Timing Optimization
---------------------------------------------------------------------------------
---------------------------------------------------------------------------------
Finished Timing Optimization : Time (s): cpu = 00:00:24 ; elapsed = 00:01:08 . Memory (MB): peak = 1443.320 ; gain = 588.410
---------------------------------------------------------------------------------
---------------------------------------------------------------------------------
Start Technology Mapping
---------------------------------------------------------------------------------
---------------------------------------------------------------------------------
Finished Technology Mapping : Time (s): cpu = 00:00:24 ; elapsed = 00:01:08 . Memory (MB): peak = 1443.320 ; gain = 588.410
---------------------------------------------------------------------------------
---------------------------------------------------------------------------------
Start IO Insertion
---------------------------------------------------------------------------------
---------------------------------------------------------------------------------
Start Flattening Before IO Insertion
---------------------------------------------------------------------------------
---------------------------------------------------------------------------------
Finished Flattening Before IO Insertion
---------------------------------------------------------------------------------
---------------------------------------------------------------------------------
Start Final Netlist Cleanup
---------------------------------------------------------------------------------
---------------------------------------------------------------------------------
Finished Final Netlist Cleanup
---------------------------------------------------------------------------------
---------------------------------------------------------------------------------
Finished IO Insertion : Time (s): cpu = 00:00:29 ; elapsed = 00:01:13 . Memory (MB): peak = 1443.320 ; gain = 588.410
---------------------------------------------------------------------------------
---------------------------------------------------------------------------------
Start Renaming Generated Instances
---------------------------------------------------------------------------------
---------------------------------------------------------------------------------
Finished Renaming Generated Instances : Time (s): cpu = 00:00:29 ; elapsed = 00:01:13 . Memory (MB): peak = 1443.320 ; gain = 588.410
---------------------------------------------------------------------------------
---------------------------------------------------------------------------------
Start Rebuilding User Hierarchy
---------------------------------------------------------------------------------
---------------------------------------------------------------------------------
Finished Rebuilding User Hierarchy : Time (s): cpu = 00:00:29 ; elapsed = 00:01:13 . Memory (MB): peak = 1443.320 ; gain = 588.410
---------------------------------------------------------------------------------
---------------------------------------------------------------------------------
Start Renaming Generated Ports
---------------------------------------------------------------------------------
---------------------------------------------------------------------------------
Finished Renaming Generated Ports : Time (s): cpu = 00:00:29 ; elapsed = 00:01:13 . Memory (MB): peak = 1443.320 ; gain = 588.410
---------------------------------------------------------------------------------
---------------------------------------------------------------------------------
Start Handling Custom Attributes
---------------------------------------------------------------------------------
---------------------------------------------------------------------------------
Finished Handling Custom Attributes : Time (s): cpu = 00:00:29 ; elapsed = 00:01:13 . Memory (MB): peak = 1443.320 ; gain = 588.410
---------------------------------------------------------------------------------
---------------------------------------------------------------------------------
Start Renaming Generated Nets
---------------------------------------------------------------------------------
---------------------------------------------------------------------------------
Finished Renaming Generated Nets : Time (s): cpu = 00:00:29 ; elapsed = 00:01:13 . Memory (MB): peak = 1443.320 ; gain = 588.410
---------------------------------------------------------------------------------
---------------------------------------------------------------------------------
Start Writing Synthesis Report
---------------------------------------------------------------------------------

Report BlackBoxes: 
+-+--------------+----------+
| |BlackBox name |Instances |
+-+--------------+----------+
+-+--------------+----------+

Report Cell Usage: 
+------+-------+------+
|      |Cell   |Count |
+------+-------+------+
|1     |BUFG   |     1|
|2     |CARRY4 |     8|
|3     |LUT2   |     6|
|4     |LUT3   |     8|
|5     |LUT4   |    27|
|6     |LUT5   |    39|
|7     |LUT6   |    16|
|8     |FDCE   |    34|
|9     |LD     |    20|
|10    |LDC    |     2|
|11    |IBUF   |    11|
|12    |OBUF   |    11|
+------+-------+------+
---------------------------------------------------------------------------------
Finished Writing Synthesis Report : Time (s): cpu = 00:00:29 ; elapsed = 00:01:13 . Memory (MB): peak = 1443.320 ; gain = 588.410
---------------------------------------------------------------------------------
Synthesis finished with 0 errors, 0 critical warnings and 13 warnings.
Synthesis Optimization Runtime : Time (s): cpu = 00:00:20 ; elapsed = 00:01:11 . Memory (MB): peak = 1443.320 ; gain = 502.230
Synthesis Optimization Complete : Time (s): cpu = 00:00:29 ; elapsed = 00:01:13 . Memory (MB): peak = 1443.320 ; gain = 588.410
INFO: [Project 1-571] Translating synthesized netlist
Netlist sorting complete. Time (s): cpu = 00:00:00 ; elapsed = 00:00:00.003 . Memory (MB): peak = 1443.320 ; gain = 0.000
INFO: [Netlist 29-17] Analyzing 30 Unisim elements for replacement
INFO: [Netlist 29-28] Unisim Transformation completed in 0 CPU seconds
INFO: [Project 1-570] Preparing netlist for logic optimization
INFO: [Opt 31-138] Pushed 0 inverter(s) to 0 load pin(s).
Netlist sorting complete. Time (s): cpu = 00:00:00 ; elapsed = 00:00:00 . Memory (MB): peak = 1443.320 ; gain = 0.000
INFO: [Project 1-111] Unisim Transformation Summary:
  A total of 22 instances were transformed.
  LD => LDCE: 20 instances
  LDC => LDCE: 2 instances

Synth Design complete | Checksum: 7d415bbf
INFO: [Common 17-83] Releasing license: Synthesis
23 Infos, 15 Warnings, 0 Critical Warnings and 0 Errors encountered.
synth_design completed successfully
synth_design: Time (s): cpu = 00:00:33 ; elapsed = 00:01:44 . Memory (MB): peak = 1443.320 ; gain = 971.234
INFO: [Common 17-1381] The checkpoint 'D:/vivado/sum4b_dec_mejorado/sum4b_dec_mejorado.runs/synth_1/sum4bdec_mej.dcp' has been generated.
INFO: [runtcl-4] Executing : report_utilization -file sum4bdec_mej_utilization_synth.rpt -pb sum4bdec_mej_utilization_synth.pb
INFO: [Common 17-206] Exiting Vivado at Mon Sep 15 14:45:07 2025...
